<?xml version="1.0" encoding="UTF-8"?>
<coverage generated="1649331637958" clover="3.2.0">
  <project timestamp="1649331637958" name="All files">
    <metrics statements="72" coveredstatements="72" conditionals="19" coveredconditionals="19" methods="31" coveredmethods="31" elements="122" coveredelements="122" complexity="0" loc="72" ncloc="72" packages="2" files="5" classes="5"/>
    <package name="src">
      <metrics statements="30" coveredstatements="30" conditionals="13" coveredconditionals="13" methods="6" coveredmethods="6"/>
      <file name="index.js" path="/home/drager/coding/backend-project-lvl2/src/index.js">
        <metrics statements="26" coveredstatements="26" conditionals="13" coveredconditionals="13" methods="5" coveredmethods="5"/>
        <line num="8" count="1" type="stmt"/>
        <line num="9" count="75" type="stmt"/>
        <line num="10" count="75" type="stmt"/>
        <line num="12" count="75" type="stmt"/>
        <line num="13" count="270" type="cond" truecount="2" falsecount="0"/>
        <line num="14" count="75" type="stmt"/>
        <line num="21" count="195" type="cond" truecount="4" falsecount="0"/>
        <line num="22" count="30" type="stmt"/>
        <line num="29" count="165" type="cond" truecount="4" falsecount="0"/>
        <line num="30" count="60" type="stmt"/>
        <line num="37" count="105" type="cond" truecount="2" falsecount="0"/>
        <line num="38" count="60" type="stmt"/>
        <line num="46" count="45" type="stmt"/>
        <line num="53" count="75" type="stmt"/>
        <line num="56" count="15" type="stmt"/>
        <line num="61" count="60" type="stmt"/>
        <line num="63" count="1" type="cond" truecount="1" falsecount="0"/>
        <line num="64" count="15" type="stmt"/>
        <line num="65" count="15" type="stmt"/>
        <line num="67" count="15" type="stmt"/>
        <line num="68" count="15" type="stmt"/>
        <line num="70" count="15" type="stmt"/>
        <line num="71" count="15" type="stmt"/>
        <line num="73" count="15" type="stmt"/>
        <line num="74" count="15" type="stmt"/>
        <line num="76" count="15" type="stmt"/>
      </file>
      <file name="parsers.js" path="/home/drager/coding/backend-project-lvl2/src/parsers.js">
        <metrics statements="4" coveredstatements="4" conditionals="0" coveredconditionals="0" methods="1" coveredmethods="1"/>
        <line num="3" count="1" type="stmt"/>
        <line num="9" count="1" type="stmt"/>
        <line num="10" count="30" type="stmt"/>
        <line num="11" count="30" type="stmt"/>
      </file>
    </package>
    <package name="src.formatters">
      <metrics statements="42" coveredstatements="42" conditionals="6" coveredconditionals="6" methods="25" coveredmethods="25"/>
      <file name="index.js" path="/home/drager/coding/backend-project-lvl2/src/formatters/index.js">
        <metrics statements="4" coveredstatements="4" conditionals="0" coveredconditionals="0" methods="1" coveredmethods="1"/>
        <line num="4" count="1" type="stmt"/>
        <line num="10" count="1" type="stmt"/>
        <line num="11" count="15" type="stmt"/>
        <line num="12" count="15" type="stmt"/>
      </file>
      <file name="plain.js" path="/home/drager/coding/backend-project-lvl2/src/formatters/plain.js">
        <metrics statements="15" coveredstatements="15" conditionals="4" coveredconditionals="4" methods="11" coveredmethods="11"/>
        <line num="4" count="1" type="stmt"/>
        <line num="5" count="39" type="cond" truecount="2" falsecount="0"/>
        <line num="6" count="9" type="stmt"/>
        <line num="9" count="30" type="cond" truecount="2" falsecount="0"/>
        <line num="10" count="21" type="stmt"/>
        <line num="13" count="9" type="stmt"/>
        <line num="16" count="1" type="stmt"/>
        <line num="17" count="12" type="stmt"/>
        <line num="18" count="42" type="stmt"/>
        <line num="19" count="15" type="stmt"/>
        <line num="22" count="6" type="stmt"/>
        <line num="23" count="12" type="stmt"/>
        <line num="28" count="9" type="stmt"/>
        <line num="31" count="3" type="stmt"/>
        <line num="33" count="3" type="stmt"/>
      </file>
      <file name="stylish.js" path="/home/drager/coding/backend-project-lvl2/src/formatters/stylish.js">
        <metrics statements="23" coveredstatements="23" conditionals="2" coveredconditionals="2" methods="13" coveredmethods="13"/>
        <line num="3" count="1" type="stmt"/>
        <line num="9" count="252" type="stmt"/>
        <line num="11" count="1" type="stmt"/>
        <line num="12" count="162" type="cond" truecount="2" falsecount="0"/>
        <line num="13" count="120" type="stmt"/>
        <line num="16" count="42" type="stmt"/>
        <line num="18" count="54" type="stmt"/>
        <line num="26" count="42" type="stmt"/>
        <line num="29" count="1" type="stmt"/>
        <line num="31" count="6" type="stmt"/>
        <line num="32" count="24" type="stmt"/>
        <line num="35" count="6" type="stmt"/>
        <line num="39" count="24" type="stmt"/>
        <line num="40" count="84" type="stmt"/>
        <line num="43" count="24" type="stmt"/>
        <line num="48" count="30" type="stmt"/>
        <line num="52" count="12" type="stmt"/>
        <line num="57" count="24" type="stmt"/>
        <line num="60" count="24" type="stmt"/>
        <line num="64" count="24" type="stmt"/>
        <line num="67" count="18" type="stmt"/>
        <line num="72" count="6" type="stmt"/>
        <line num="73" count="6" type="stmt"/>
      </file>
    </package>
  </project>
</coverage>
