{"/home/drager/coding/backend-project-lvl2/src/index.js": {"path":"/home/drager/coding/backend-project-lvl2/src/index.js","statementMap":{"0":{"start":{"line":8,"column":18},"end":{"line":54,"column":1}},"1":{"start":{"line":9,"column":15},"end":{"line":9,"column":52}},"2":{"start":{"line":10,"column":24},"end":{"line":10,"column":38}},"3":{"start":{"line":12,"column":17},"end":{"line":51,"column":4}},"4":{"start":{"line":13,"column":4},"end":{"line":19,"column":5}},"5":{"start":{"line":14,"column":6},"end":{"line":18,"column":8}},"6":{"start":{"line":21,"column":4},"end":{"line":27,"column":5}},"7":{"start":{"line":22,"column":6},"end":{"line":26,"column":8}},"8":{"start":{"line":29,"column":4},"end":{"line":35,"column":5}},"9":{"start":{"line":30,"column":6},"end":{"line":34,"column":8}},"10":{"start":{"line":37,"column":4},"end":{"line":44,"column":5}},"11":{"start":{"line":38,"column":6},"end":{"line":43,"column":8}},"12":{"start":{"line":46,"column":4},"end":{"line":50,"column":6}},"13":{"start":{"line":53,"column":2},"end":{"line":53,"column":16}},"14":{"start":{"line":56,"column":16},"end":{"line":59,"column":2}},"15":{"start":{"line":56,"column":35},"end":{"line":59,"column":1}},"16":{"start":{"line":61,"column":20},"end":{"line":61,"column":71}},"17":{"start":{"line":61,"column":34},"end":{"line":61,"column":71}},"18":{"start":{"line":63,"column":17},"end":{"line":77,"column":1}},"19":{"start":{"line":64,"column":22},"end":{"line":64,"column":70}},"20":{"start":{"line":65,"column":22},"end":{"line":65,"column":70}},"21":{"start":{"line":67,"column":24},"end":{"line":67,"column":77}},"22":{"start":{"line":68,"column":24},"end":{"line":68,"column":77}},"23":{"start":{"line":70,"column":22},"end":{"line":70,"column":55}},"24":{"start":{"line":71,"column":22},"end":{"line":71,"column":55}},"25":{"start":{"line":73,"column":24},"end":{"line":73,"column":57}},"26":{"start":{"line":74,"column":15},"end":{"line":74,"column":50}},"27":{"start":{"line":76,"column":2},"end":{"line":76,"column":14}}},"fnMap":{"0":{"name":"(anonymous_0)","decl":{"start":{"line":8,"column":18},"end":{"line":8,"column":19}},"loc":{"start":{"line":8,"column":36},"end":{"line":54,"column":1}},"line":8},"1":{"name":"(anonymous_1)","decl":{"start":{"line":12,"column":35},"end":{"line":12,"column":36}},"loc":{"start":{"line":12,"column":44},"end":{"line":51,"column":3}},"line":12},"2":{"name":"(anonymous_2)","decl":{"start":{"line":56,"column":16},"end":{"line":56,"column":17}},"loc":{"start":{"line":56,"column":35},"end":{"line":59,"column":1}},"line":56},"3":{"name":"(anonymous_3)","decl":{"start":{"line":61,"column":20},"end":{"line":61,"column":21}},"loc":{"start":{"line":61,"column":34},"end":{"line":61,"column":71}},"line":61},"4":{"name":"(anonymous_4)","decl":{"start":{"line":63,"column":17},"end":{"line":63,"column":18}},"loc":{"start":{"line":63,"column":69},"end":{"line":77,"column":1}},"line":63}},"branchMap":{"0":{"loc":{"start":{"line":13,"column":4},"end":{"line":19,"column":5}},"type":"if","locations":[{"start":{"line":13,"column":4},"end":{"line":19,"column":5}},{"start":{},"end":{}}],"line":13},"1":{"loc":{"start":{"line":21,"column":4},"end":{"line":27,"column":5}},"type":"if","locations":[{"start":{"line":21,"column":4},"end":{"line":27,"column":5}},{"start":{},"end":{}}],"line":21},"2":{"loc":{"start":{"line":21,"column":8},"end":{"line":21,"column":47}},"type":"binary-expr","locations":[{"start":{"line":21,"column":8},"end":{"line":21,"column":25}},{"start":{"line":21,"column":29},"end":{"line":21,"column":47}}],"line":21},"3":{"loc":{"start":{"line":29,"column":4},"end":{"line":35,"column":5}},"type":"if","locations":[{"start":{"line":29,"column":4},"end":{"line":35,"column":5}},{"start":{},"end":{}}],"line":29},"4":{"loc":{"start":{"line":29,"column":8},"end":{"line":29,"column":66}},"type":"binary-expr","locations":[{"start":{"line":29,"column":8},"end":{"line":29,"column":35}},{"start":{"line":29,"column":39},"end":{"line":29,"column":66}}],"line":29},"5":{"loc":{"start":{"line":37,"column":4},"end":{"line":44,"column":5}},"type":"if","locations":[{"start":{"line":37,"column":4},"end":{"line":44,"column":5}},{"start":{},"end":{}}],"line":37},"6":{"loc":{"start":{"line":63,"column":40},"end":{"line":63,"column":64}},"type":"default-arg","locations":[{"start":{"line":63,"column":55},"end":{"line":63,"column":64}}],"line":63}},"s":{"0":1,"1":75,"2":75,"3":75,"4":270,"5":75,"6":195,"7":30,"8":165,"9":60,"10":105,"11":60,"12":45,"13":75,"14":1,"15":15,"16":1,"17":60,"18":1,"19":15,"20":15,"21":15,"22":15,"23":15,"24":15,"25":15,"26":15,"27":15},"f":{"0":75,"1":270,"2":15,"3":60,"4":15},"b":{"0":[75,195],"1":[30,165],"2":[195,195],"3":[60,105],"4":[165,75],"5":[60,45],"6":[3]},"_coverageSchema":"1a1c01bbd47fc00a2c39e90264f33305004495a9","hash":"05790aae565ae209d06fe59653012e3e8a5b3f43"}
,"/home/drager/coding/backend-project-lvl2/src/parsers.js": {"path":"/home/drager/coding/backend-project-lvl2/src/parsers.js","statementMap":{"0":{"start":{"line":3,"column":16},"end":{"line":7,"column":1}},"1":{"start":{"line":9,"column":15},"end":{"line":12,"column":1}},"2":{"start":{"line":10,"column":16},"end":{"line":10,"column":31}},"3":{"start":{"line":11,"column":2},"end":{"line":11,"column":21}}},"fnMap":{"0":{"name":"(anonymous_0)","decl":{"start":{"line":9,"column":15},"end":{"line":9,"column":16}},"loc":{"start":{"line":9,"column":33},"end":{"line":12,"column":1}},"line":9}},"branchMap":{},"s":{"0":1,"1":1,"2":30,"3":30},"f":{"0":30},"b":{},"_coverageSchema":"1a1c01bbd47fc00a2c39e90264f33305004495a9","hash":"994c7395a7c65d37605183b4b2f12a0ea33bb8cd"}
,"/home/drager/coding/backend-project-lvl2/src/formatters/index.js": {"path":"/home/drager/coding/backend-project-lvl2/src/formatters/index.js","statementMap":{"0":{"start":{"line":4,"column":19},"end":{"line":8,"column":1}},"1":{"start":{"line":10,"column":21},"end":{"line":13,"column":1}},"2":{"start":{"line":11,"column":17},"end":{"line":11,"column":33}},"3":{"start":{"line":12,"column":2},"end":{"line":12,"column":22}}},"fnMap":{"0":{"name":"(anonymous_0)","decl":{"start":{"line":10,"column":21},"end":{"line":10,"column":22}},"loc":{"start":{"line":10,"column":37},"end":{"line":13,"column":1}},"line":10}},"branchMap":{},"s":{"0":1,"1":1,"2":15,"3":15},"f":{"0":15},"b":{},"_coverageSchema":"1a1c01bbd47fc00a2c39e90264f33305004495a9","hash":"1e46acb16d91420f590ed2c7779a1215f726ff85"}
,"/home/drager/coding/backend-project-lvl2/src/formatters/plain.js": {"path":"/home/drager/coding/backend-project-lvl2/src/formatters/plain.js","statementMap":{"0":{"start":{"line":4,"column":23},"end":{"line":14,"column":1}},"1":{"start":{"line":5,"column":2},"end":{"line":7,"column":3}},"2":{"start":{"line":6,"column":4},"end":{"line":6,"column":29}},"3":{"start":{"line":9,"column":2},"end":{"line":11,"column":3}},"4":{"start":{"line":10,"column":4},"end":{"line":10,"column":24}},"5":{"start":{"line":13,"column":2},"end":{"line":13,"column":15}},"6":{"start":{"line":16,"column":16},"end":{"line":29,"column":1}},"7":{"start":{"line":17,"column":51},"end":{"line":17,"column":128}},"8":{"start":{"line":17,"column":78},"end":{"line":17,"column":127}},"9":{"start":{"line":18,"column":58},"end":{"line":18,"column":145}},"10":{"start":{"line":18,"column":85},"end":{"line":18,"column":144}},"11":{"start":{"line":19,"column":46},"end":{"line":21,"column":53}},"12":{"start":{"line":22,"column":41},"end":{"line":22,"column":104}},"13":{"start":{"line":23,"column":57},"end":{"line":27,"column":5}},"14":{"start":{"line":28,"column":19},"end":{"line":28,"column":21}},"15":{"start":{"line":31,"column":19},"end":{"line":31,"column":99}},"16":{"start":{"line":31,"column":46},"end":{"line":31,"column":99}},"17":{"start":{"line":33,"column":18},"end":{"line":33,"column":59}},"18":{"start":{"line":33,"column":28},"end":{"line":33,"column":59}}},"fnMap":{"0":{"name":"(anonymous_0)","decl":{"start":{"line":4,"column":23},"end":{"line":4,"column":24}},"loc":{"start":{"line":4,"column":34},"end":{"line":14,"column":1}},"line":4},"1":{"name":"(anonymous_1)","decl":{"start":{"line":17,"column":8},"end":{"line":17,"column":9}},"loc":{"start":{"line":17,"column":51},"end":{"line":17,"column":128}},"line":17},"2":{"name":"(anonymous_2)","decl":{"start":{"line":17,"column":68},"end":{"line":17,"column":69}},"loc":{"start":{"line":17,"column":78},"end":{"line":17,"column":127}},"line":17},"3":{"name":"(anonymous_3)","decl":{"start":{"line":18,"column":10},"end":{"line":18,"column":11}},"loc":{"start":{"line":18,"column":58},"end":{"line":18,"column":145}},"line":18},"4":{"name":"(anonymous_4)","decl":{"start":{"line":18,"column":75},"end":{"line":18,"column":76}},"loc":{"start":{"line":18,"column":85},"end":{"line":18,"column":144}},"line":18},"5":{"name":"(anonymous_5)","decl":{"start":{"line":19,"column":9},"end":{"line":19,"column":10}},"loc":{"start":{"line":19,"column":46},"end":{"line":21,"column":53}},"line":19},"6":{"name":"(anonymous_6)","decl":{"start":{"line":22,"column":11},"end":{"line":22,"column":12}},"loc":{"start":{"line":22,"column":41},"end":{"line":22,"column":104}},"line":22},"7":{"name":"(anonymous_7)","decl":{"start":{"line":23,"column":11},"end":{"line":23,"column":12}},"loc":{"start":{"line":23,"column":57},"end":{"line":27,"column":5}},"line":23},"8":{"name":"(anonymous_8)","decl":{"start":{"line":28,"column":13},"end":{"line":28,"column":14}},"loc":{"start":{"line":28,"column":19},"end":{"line":28,"column":21}},"line":28},"9":{"name":"(anonymous_9)","decl":{"start":{"line":31,"column":19},"end":{"line":31,"column":20}},"loc":{"start":{"line":31,"column":46},"end":{"line":31,"column":99}},"line":31},"10":{"name":"(anonymous_10)","decl":{"start":{"line":33,"column":18},"end":{"line":33,"column":19}},"loc":{"start":{"line":33,"column":28},"end":{"line":33,"column":59}},"line":33}},"branchMap":{"0":{"loc":{"start":{"line":5,"column":2},"end":{"line":7,"column":3}},"type":"if","locations":[{"start":{"line":5,"column":2},"end":{"line":7,"column":3}},{"start":{},"end":{}}],"line":5},"1":{"loc":{"start":{"line":9,"column":2},"end":{"line":11,"column":3}},"type":"if","locations":[{"start":{"line":9,"column":2},"end":{"line":11,"column":3}},{"start":{},"end":{}}],"line":9}},"s":{"0":1,"1":39,"2":9,"3":30,"4":21,"5":9,"6":1,"7":3,"8":12,"9":12,"10":42,"11":15,"12":6,"13":12,"14":9,"15":1,"16":3,"17":1,"18":3},"f":{"0":39,"1":3,"2":12,"3":12,"4":42,"5":15,"6":6,"7":12,"8":9,"9":3,"10":3},"b":{"0":[9,30],"1":[21,9]},"_coverageSchema":"1a1c01bbd47fc00a2c39e90264f33305004495a9","hash":"1f4f1bcdc873019adb854ed60993982258f2066f"}
,"/home/drager/coding/backend-project-lvl2/src/formatters/stylish.js": {"path":"/home/drager/coding/backend-project-lvl2/src/formatters/stylish.js","statementMap":{"0":{"start":{"line":3,"column":14},"end":{"line":7,"column":1}},"1":{"start":{"line":9,"column":15},"end":{"line":9,"column":55}},"2":{"start":{"line":9,"column":32},"end":{"line":9,"column":55}},"3":{"start":{"line":11,"column":18},"end":{"line":27,"column":1}},"4":{"start":{"line":12,"column":2},"end":{"line":14,"column":3}},"5":{"start":{"line":13,"column":4},"end":{"line":13,"column":16}},"6":{"start":{"line":16,"column":17},"end":{"line":24,"column":15}},"7":{"start":{"line":18,"column":24},"end":{"line":22,"column":9}},"8":{"start":{"line":26,"column":2},"end":{"line":26,"column":51}},"9":{"start":{"line":29,"column":22},"end":{"line":70,"column":1}},"10":{"start":{"line":31,"column":19},"end":{"line":33,"column":17}},"11":{"start":{"line":32,"column":25},"end":{"line":32,"column":82}},"12":{"start":{"line":35,"column":4},"end":{"line":35,"column":29}},"13":{"start":{"line":39,"column":19},"end":{"line":41,"column":17}},"14":{"start":{"line":40,"column":25},"end":{"line":40,"column":82}},"15":{"start":{"line":43,"column":4},"end":{"line":45,"column":9}},"16":{"start":{"line":48,"column":43},"end":{"line":50,"column":45}},"17":{"start":{"line":52,"column":45},"end":{"line":54,"column":45}},"18":{"start":{"line":57,"column":19},"end":{"line":59,"column":48}},"19":{"start":{"line":60,"column":19},"end":{"line":62,"column":48}},"20":{"start":{"line":64,"column":4},"end":{"line":64,"column":28}},"21":{"start":{"line":67,"column":47},"end":{"line":69,"column":45}},"22":{"start":{"line":72,"column":16},"end":{"line":72,"column":93}},"23":{"start":{"line":72,"column":40},"end":{"line":72,"column":93}},"24":{"start":{"line":73,"column":20},"end":{"line":73,"column":49}},"25":{"start":{"line":73,"column":30},"end":{"line":73,"column":49}}},"fnMap":{"0":{"name":"(anonymous_0)","decl":{"start":{"line":9,"column":15},"end":{"line":9,"column":16}},"loc":{"start":{"line":9,"column":32},"end":{"line":9,"column":55}},"line":9},"1":{"name":"(anonymous_1)","decl":{"start":{"line":11,"column":18},"end":{"line":11,"column":19}},"loc":{"start":{"line":11,"column":42},"end":{"line":27,"column":1}},"line":11},"2":{"name":"(anonymous_2)","decl":{"start":{"line":18,"column":6},"end":{"line":18,"column":7}},"loc":{"start":{"line":18,"column":24},"end":{"line":22,"column":9}},"line":18},"3":{"name":"(anonymous_3)","decl":{"start":{"line":30,"column":8},"end":{"line":30,"column":9}},"loc":{"start":{"line":30,"column":49},"end":{"line":36,"column":3}},"line":30},"4":{"name":"(anonymous_4)","decl":{"start":{"line":32,"column":15},"end":{"line":32,"column":16}},"loc":{"start":{"line":32,"column":25},"end":{"line":32,"column":82}},"line":32},"5":{"name":"(anonymous_5)","decl":{"start":{"line":38,"column":10},"end":{"line":38,"column":11}},"loc":{"start":{"line":38,"column":56},"end":{"line":46,"column":3}},"line":38},"6":{"name":"(anonymous_6)","decl":{"start":{"line":40,"column":15},"end":{"line":40,"column":16}},"loc":{"start":{"line":40,"column":25},"end":{"line":40,"column":82}},"line":40},"7":{"name":"(anonymous_7)","decl":{"start":{"line":48,"column":9},"end":{"line":48,"column":10}},"loc":{"start":{"line":48,"column":43},"end":{"line":50,"column":45}},"line":48},"8":{"name":"(anonymous_8)","decl":{"start":{"line":52,"column":11},"end":{"line":52,"column":12}},"loc":{"start":{"line":52,"column":45},"end":{"line":54,"column":45}},"line":52},"9":{"name":"(anonymous_9)","decl":{"start":{"line":56,"column":11},"end":{"line":56,"column":12}},"loc":{"start":{"line":56,"column":54},"end":{"line":65,"column":3}},"line":56},"10":{"name":"(anonymous_10)","decl":{"start":{"line":67,"column":13},"end":{"line":67,"column":14}},"loc":{"start":{"line":67,"column":47},"end":{"line":69,"column":45}},"line":67},"11":{"name":"(anonymous_11)","decl":{"start":{"line":72,"column":16},"end":{"line":72,"column":17}},"loc":{"start":{"line":72,"column":40},"end":{"line":72,"column":93}},"line":72},"12":{"name":"(anonymous_12)","decl":{"start":{"line":73,"column":20},"end":{"line":73,"column":21}},"loc":{"start":{"line":73,"column":30},"end":{"line":73,"column":49}},"line":73}},"branchMap":{"0":{"loc":{"start":{"line":12,"column":2},"end":{"line":14,"column":3}},"type":"if","locations":[{"start":{"line":12,"column":2},"end":{"line":14,"column":3}},{"start":{},"end":{}}],"line":12}},"s":{"0":1,"1":1,"2":252,"3":1,"4":162,"5":120,"6":42,"7":54,"8":42,"9":1,"10":6,"11":24,"12":6,"13":24,"14":84,"15":24,"16":30,"17":12,"18":24,"19":24,"20":24,"21":18,"22":1,"23":6,"24":1,"25":6},"f":{"0":252,"1":162,"2":54,"3":6,"4":24,"5":24,"6":84,"7":30,"8":12,"9":24,"10":18,"11":6,"12":6},"b":{"0":[120,42]},"_coverageSchema":"1a1c01bbd47fc00a2c39e90264f33305004495a9","hash":"10d620bc0c8a95228bd77f5f3d1de3861cbee76d"}
}
