TN:
SF:src/index.js
FN:8,(anonymous_0)
FN:12,(anonymous_1)
FN:56,(anonymous_2)
FN:61,(anonymous_3)
FN:63,(anonymous_4)
FNF:5
FNH:5
FNDA:60,(anonymous_0)
FNDA:216,(anonymous_1)
FNDA:12,(anonymous_2)
FNDA:48,(anonymous_3)
FNDA:12,(anonymous_4)
DA:8,1
DA:9,60
DA:10,60
DA:12,60
DA:13,216
DA:14,60
DA:21,156
DA:22,24
DA:29,132
DA:30,48
DA:37,84
DA:38,48
DA:46,36
DA:53,60
DA:56,12
DA:61,48
DA:63,1
DA:64,12
DA:65,12
DA:67,12
DA:68,12
DA:70,12
DA:71,12
DA:73,12
DA:74,12
DA:76,12
LF:26
LH:26
BRDA:13,0,0,60
BRDA:13,0,1,156
BRDA:21,1,0,24
BRDA:21,1,1,132
BRDA:21,2,0,156
BRDA:21,2,1,156
BRDA:29,3,0,48
BRDA:29,3,1,84
BRDA:29,4,0,132
BRDA:29,4,1,60
BRDA:37,5,0,48
BRDA:37,5,1,36
BRDA:63,6,0,3
BRF:13
BRH:13
end_of_record
TN:
SF:src/parsers.js
FN:9,(anonymous_0)
FNF:1
FNH:1
FNDA:24,(anonymous_0)
DA:3,1
DA:9,1
DA:10,24
DA:11,24
LF:4
LH:4
BRF:0
BRH:0
end_of_record
TN:
SF:src/formatters/index.js
FN:10,(anonymous_0)
FNF:1
FNH:1
FNDA:12,(anonymous_0)
DA:4,1
DA:10,1
DA:11,12
DA:12,12
LF:4
LH:4
BRF:0
BRH:0
end_of_record
TN:
SF:src/formatters/plain.js
FN:4,(anonymous_0)
FN:17,(anonymous_1)
FN:17,(anonymous_2)
FN:18,(anonymous_3)
FN:18,(anonymous_4)
FN:19,(anonymous_5)
FN:22,(anonymous_6)
FN:23,(anonymous_7)
FN:28,(anonymous_8)
FN:31,(anonymous_9)
FN:33,(anonymous_10)
FNF:11
FNH:11
FNDA:39,(anonymous_0)
FNDA:3,(anonymous_1)
FNDA:12,(anonymous_2)
FNDA:12,(anonymous_3)
FNDA:42,(anonymous_4)
FNDA:15,(anonymous_5)
FNDA:6,(anonymous_6)
FNDA:12,(anonymous_7)
FNDA:9,(anonymous_8)
FNDA:3,(anonymous_9)
FNDA:3,(anonymous_10)
DA:4,1
DA:5,39
DA:6,9
DA:9,30
DA:10,21
DA:13,9
DA:16,1
DA:17,12
DA:18,42
DA:19,15
DA:22,6
DA:23,12
DA:28,9
DA:31,3
DA:33,3
LF:15
LH:15
BRDA:5,0,0,9
BRDA:5,0,1,30
BRDA:9,1,0,21
BRDA:9,1,1,9
BRF:4
BRH:4
end_of_record
TN:
SF:src/formatters/stylish.js
FN:9,(anonymous_0)
FN:11,(anonymous_1)
FN:18,(anonymous_2)
FN:30,(anonymous_3)
FN:32,(anonymous_4)
FN:38,(anonymous_5)
FN:40,(anonymous_6)
FN:48,(anonymous_7)
FN:52,(anonymous_8)
FN:56,(anonymous_9)
FN:67,(anonymous_10)
FN:72,(anonymous_11)
FN:73,(anonymous_12)
FNF:13
FNH:13
FNDA:252,(anonymous_0)
FNDA:162,(anonymous_1)
FNDA:54,(anonymous_2)
FNDA:6,(anonymous_3)
FNDA:24,(anonymous_4)
FNDA:24,(anonymous_5)
FNDA:84,(anonymous_6)
FNDA:30,(anonymous_7)
FNDA:12,(anonymous_8)
FNDA:24,(anonymous_9)
FNDA:18,(anonymous_10)
FNDA:6,(anonymous_11)
FNDA:6,(anonymous_12)
DA:3,1
DA:9,252
DA:11,1
DA:12,162
DA:13,120
DA:16,42
DA:18,54
DA:26,42
DA:29,1
DA:31,6
DA:32,24
DA:35,6
DA:39,24
DA:40,84
DA:43,24
DA:48,30
DA:52,12
DA:57,24
DA:60,24
DA:64,24
DA:67,18
DA:72,6
DA:73,6
LF:23
LH:23
BRDA:12,0,0,120
BRDA:12,0,1,42
BRF:2
BRH:2
end_of_record
